Arguments: 
  /Users/mac/.nvm/versions/node/v18.19.0/bin/node /Users/mac/.npm-packages/bin/yarn add jekyll-liquid-filters

PATH: 
  /usr/local/bin:/Users/mac/.bun/bin:/usr/local/opt/openjdk/bin:/Users/mac/.pyenv/shims:/Users/mac/.nvm/versions/node/v18.19.0/bin:/Users/mac/.rbenv/shims:/Users/mac/.rbenv/bin:/usr/local/bin:/usr/bin:/bin:/usr/sbin:/sbin:/Users/mac/.cargo/bin:/Users/mac/.npm-packages/bin

Yarn version: 
  1.22.19

Node version: 
  18.19.0

Platform: 
  darwin x64

Trace: 
  Error: https://registry.yarnpkg.com/jekyll-liquid-filters: Not found
      at params.callback [as _callback] (/Users/mac/.npm-packages/lib/node_modules/yarn/lib/cli.js:66145:18)
      at self.callback (/Users/mac/.npm-packages/lib/node_modules/yarn/lib/cli.js:140890:22)
      at Request.emit (node:events:517:28)
      at Request.<anonymous> (/Users/mac/.npm-packages/lib/node_modules/yarn/lib/cli.js:141862:10)
      at Request.emit (node:events:517:28)
      at IncomingMessage.<anonymous> (/Users/mac/.npm-packages/lib/node_modules/yarn/lib/cli.js:141784:12)
      at Object.onceWrapper (node:events:631:28)
      at IncomingMessage.emit (node:events:529:35)
      at endReadableNT (node:internal/streams/readable:1400:12)
      at process.processTicksAndRejections (node:internal/process/task_queues:82:21)

npm manifest: 
  {
    "name": "glauberramos.com",
    "version": "1.0.0",
    "description": "Glauber Ramos Blog",
    "main": "index.js",
    "scripts": {
      "deploy": "bundle exec rake site:publish",
      "dev": "bundle exec jekyll serve --watch"
    },
    "repository": {
      "type": "git",
      "url": "git+https://github.com/glauberramos/glauberramos.com.git"
    },
    "bugs": {
      "url": "https://github.com/glauberramos/glauberramos.com/issues"
    },
    "homepage": "https://github.com/glauberramos/glauberramos.com#readme",
    "keywords": [],
    "author": "",
    "license": "ISC",
    "devDependencies": {
      "@11ty/eleventy": "^2.0.1"
    }
  }

yarn manifest: 
  No manifest

Lockfile: 
  No lockfile
